<?xml version="1.0" encoding="UTF-8" standalone="no" ?>
<coverage branch-rate="NaN" branches-covered="NaN" branches-valid="NaN" complexity="NaN" line-rate="1" lines-covered="5" lines-valid="5" timestamp="1692711997.564" version="">
  <sources>
    <source>C:\Users\aroot\Documents\BYA\Develop\One_Github\MatlabCodecov\matlab-codecov-example\source\</source>
  </sources>
  <packages>
    <package branch-rate="NaN" complexity="NaN" line-rate="1" name="">
      <classes>
        <class branch-rate="NaN" complexity="NaN" filename="quadraticSolver.m" line-rate="1" name="quadraticSolver">
          <methods/>
          <lines>
            <line hits="3" number="6"/>
            <line hits="1" number="7"/>
            <line hits="1" number="8"/>
            <line hits="2" number="11"/>
            <line hits="2" number="12"/>
          </lines>
        </class>
      </classes>
    </package>
  </packages>
</coverage>
